[0m[[0m[0mdebug[0m] [0m[0m> Exec(run, Some(65c1e8d3-1a85-4a18-ba9f-8bad2fa9232c), Some(CommandSource(console0)))[0m
[0m[[0m[0mdebug[0m] [0m[0mEvaluating tasks: Compile / run[0m
[0m[[0m[0mdebug[0m] [0m[0mRunning task... Cancel: Signal, check cycles: false, forcegc: true[0m
[0m[[0m[0minfo[0m] [0m[0mcompiling 2 Scala sources to /mnt/c/Users/erik_/git/sparkScanLeft/target/scala-2.13/classes ...[0m
[0m[[0m[31merror[0m] [0m[0m/mnt/c/Users/erik_/git/sparkScanLeft/src/main/scala/Main.scala:1:8: not found: object scanLeft[0m
[0m[[0m[31merror[0m] [0m[0mimport scanLeft._[0m
[0m[[0m[31merror[0m] [0m[0m       ^[0m
[0m[[0m[31merror[0m] [0m[0m/mnt/c/Users/erik_/git/sparkScanLeft/src/main/scala/Main.scala:4:14: not found: value SparkConf[0m
[0m[[0m[31merror[0m] [0m[0m  val conf = SparkConf()[0m
[0m[[0m[31merror[0m] [0m[0m             ^[0m
[0m[[0m[31merror[0m] [0m[0m/mnt/c/Users/erik_/git/sparkScanLeft/src/main/scala/ScanLeft/ScanLeft.scala:1:8: object * is not a member of package org.apache.spark.rdd[0m
[0m[[0m[31merror[0m] [0m[0mimport org.apache.spark.rdd.* [0m
[0m[[0m[31merror[0m] [0m[0m       ^[0m
[0m[[0m[31merror[0m] [0m[0m/mnt/c/Users/erik_/git/sparkScanLeft/src/main/scala/ScanLeft/ScanLeft.scala:4:36: not found: type OrderedRDD[0m
[0m[[0m[31merror[0m] [0m[0m  implicit class ScanLeft(val rdd: OrderedRDD[T]) {[0m
[0m[[0m[31merror[0m] [0m[0m                                   ^[0m
[0m[[0m[31merror[0m] [0m[0m/mnt/c/Users/erik_/git/sparkScanLeft/src/main/scala/ScanLeft/ScanLeft.scala:5:41: not found: type OrderedRDD[0m
[0m[[0m[31merror[0m] [0m[0m    def scanLeft(z: T)(f: (T, T) => T): OrderedRDD[T] = {[0m
[0m[[0m[31merror[0m] [0m[0m                                        ^[0m
[0m[[0m[31merror[0m] [0m[0m/mnt/c/Users/erik_/git/sparkScanLeft/src/main/scala/ScanLeft/ScanLeft.scala:5:21: not found: type T[0m
[0m[[0m[31merror[0m] [0m[0m    def scanLeft(z: T)(f: (T, T) => T): OrderedRDD[T] = {[0m
[0m[[0m[31merror[0m] [0m[0m                    ^[0m
[0m[[0m[31merror[0m] [0m[0m/mnt/c/Users/erik_/git/sparkScanLeft/src/main/scala/ScanLeft/ScanLeft.scala:5:28: not found: type T[0m
[0m[[0m[31merror[0m] [0m[0m    def scanLeft(z: T)(f: (T, T) => T): OrderedRDD[T] = {[0m
[0m[[0m[31merror[0m] [0m[0m                           ^[0m
[0m[[0m[31merror[0m] [0m[0m/mnt/c/Users/erik_/git/sparkScanLeft/src/main/scala/ScanLeft/ScanLeft.scala:5:31: not found: type T[0m
[0m[[0m[31merror[0m] [0m[0m    def scanLeft(z: T)(f: (T, T) => T): OrderedRDD[T] = {[0m
[0m[[0m[31merror[0m] [0m[0m                              ^[0m
[0m[[0m[31merror[0m] [0m[0m/mnt/c/Users/erik_/git/sparkScanLeft/src/main/scala/ScanLeft/ScanLeft.scala:5:37: not found: type T[0m
[0m[[0m[31merror[0m] [0m[0m    def scanLeft(z: T)(f: (T, T) => T): OrderedRDD[T] = {[0m
[0m[[0m[31merror[0m] [0m[0m                                    ^[0m
[0m[[0m[31merror[0m] [0m[0m9 errors found[0m
[0m[[0m[31merror[0m] [0m[0m(Compile / [31mcompileIncremental[0m) Compilation failed[0m
[0m[[0m[31merror[0m] [0m[0mTotal time: 1 s, completed Aug 9, 2023, 8:58:08 PM[0m
[0m[[0m[0mdebug[0m] [0m[0m> Exec(shell, None, None)[0m
[0m[[0m[0minfo[0m] [0m[0mshutting down sbt server[0m
